<?xml version="1.0" encoding="UTF-8"?>
<!-- Generated by org.testng.reporters.JUnitXMLReporter -->
<testsuite hostname="Babus-MacBook-Pro.local" ignored="0" name="Leads" tests="1" failures="1" timestamp="2023-05-18T01:15:54 IST" time="16.94" errors="0">
  <testcase name="runCart" time="4.606" classname="com.opencart.testcases.TC001_ConfirmOrder">
    <failure type="java.lang.RuntimeException" message="See the reporter for details.">
      <![CDATA[java.lang.RuntimeException: See the reporter for details.
at com.framework.utils.Reporter.reportStep(Reporter.java:93)
at com.framework.utils.Reporter.reportStep(Reporter.java:108)
at com.framework.selenium.api.base.SeleniumBase.type(SeleniumBase.java:332)
at com.opencart.pages.CheckOutPage.enterPostalCode(CheckOutPage.java:67)
at com.opencart.testcases.TC001_ConfirmOrder.runCart(TC001_ConfirmOrder.java:35)
at java.util.ArrayList.forEach(ArrayList.java:1259)
... Removed 27 stack frames]]>
    </failure>
  </testcase> <!-- runCart -->
</testsuite> <!-- Leads -->
